# JRE version: Java(TM) SE Runtime Environment (8.0_111-b14) (build 1.8.0_111-b14)
# Java VM: Java HotSpot(TM) 64-Bit Server VM (25.111-b14 mixed mode windows-amd64 compressed oops)
Heap:
 PSYoungGen      total 338944K, used 132004K [0x00000000e0000000, 0x00000000faf00000, 0x0000000100000000)
  eden space 267264K, 41% used [0x00000000e0000000,0x00000000e6c71c20,0x00000000f0500000)
  from space 71680K, 29% used [0x00000000f0500000,0x00000000f19777d0,0x00000000f4b00000)
  to   space 70144K, 0% used [0x00000000f6a80000,0x00000000f6a80000,0x00000000faf00000)
 ParOldGen       total 224768K, used 181876K [0x00000000a0000000, 0x00000000adb80000, 0x00000000e0000000)
  object space 224768K, 80% used [0x00000000a0000000,0x00000000ab19d2b0,0x00000000adb80000)
 Metaspace       used 75077K, capacity 78294K, committed 79360K, reserved 1118208K
  class space    used 9680K, capacity 10364K, committed 10752K, reserved 1048576K
GC Heap History (10 events):
Event: 4413.061 GC heap before
{Heap before GC invocations=89 (full 12):
 PSYoungGen      total 278528K, used 213504K [0x00000000e0000000, 0x00000000f6e00000, 0x0000000100000000)
  eden space 213504K, 100% used [0x00000000e0000000,0x00000000ed080000,0x00000000ed080000)
  from space 65024K, 0% used [0x00000000f1800000,0x00000000f1800000,0x00000000f5780000)
  to   space 73216K, 0% used [0x00000000ed080000,0x00000000ed080000,0x00000000f1800000)
 ParOldGen       total 224768K, used 149090K [0x00000000a0000000, 0x00000000adb80000, 0x00000000e0000000)
  object space 224768K, 66% used [0x00000000a0000000,0x00000000a9198918,0x00000000adb80000)
 Metaspace       used 75026K, capacity 78230K, committed 79360K, reserved 1118208K
  class space    used 9676K, capacity 10364K, committed 10752K, reserved 1048576K
Event: 4413.118 GC heap after
Heap after GC invocations=89 (full 12):
 PSYoungGen      total 286720K, used 29363K [0x00000000e0000000, 0x00000000f6b00000, 0x0000000100000000)
  eden space 213504K, 0% used [0x00000000e0000000,0x00000000e0000000,0x00000000ed080000)
  from space 73216K, 40% used [0x00000000ed080000,0x00000000eed2cc90,0x00000000f1800000)
  to   space 69120K, 0% used [0x00000000f2780000,0x00000000f2780000,0x00000000f6b00000)
 ParOldGen       total 224768K, used 149090K [0x00000000a0000000, 0x00000000adb80000, 0x00000000e0000000)
  object space 224768K, 66% used [0x00000000a0000000,0x00000000a9198918,0x00000000adb80000)
 Metaspace       used 75026K, capacity 78230K, committed 79360K, reserved 1118208K
  class space    used 9676K, capacity 10364K, committed 10752K, reserved 1048576K
}
Event: 4413.960 GC heap before
{Heap before GC invocations=90 (full 12):
 PSYoungGen      total 286720K, used 242867K [0x00000000e0000000, 0x00000000f6b00000, 0x0000000100000000)
  eden space 213504K, 100% used [0x00000000e0000000,0x00000000ed080000,0x00000000ed080000)
  from space 73216K, 40% used [0x00000000ed080000,0x00000000eed2cc90,0x00000000f1800000)
  to   space 69120K, 0% used [0x00000000f2780000,0x00000000f2780000,0x00000000f6b00000)
 ParOldGen       total 224768K, used 149090K [0x00000000a0000000, 0x00000000adb80000, 0x00000000e0000000)
  object space 224768K, 66% used [0x00000000a0000000,0x00000000a9198918,0x00000000adb80000)
 Metaspace       used 75031K, capacity 78230K, committed 79360K, reserved 1118208K
  class space    used 9676K, capacity 10364K, committed 10752K, reserved 1048576K
Event: 4414.475 GC heap after
Heap after GC invocations=90 (full 12):
 PSYoungGen      total 305152K, used 32837K [0x00000000e0000000, 0x00000000f6e00000, 0x0000000100000000)
  eden space 236032K, 0% used [0x00000000e0000000,0x00000000e0000000,0x00000000ee680000)
  from space 69120K, 47% used [0x00000000f2780000,0x00000000f4791600,0x00000000f6b00000)
  to   space 66560K, 0% used [0x00000000ee680000,0x00000000ee680000,0x00000000f2780000)
 ParOldGen       total 224768K, used 149090K [0x00000000a0000000, 0x00000000adb80000, 0x00000000e0000000)
  object space 224768K, 66% used [0x00000000a0000000,0x00000000a9198918,0x00000000adb80000)
 Metaspace       used 75031K, capacity 78230K, committed 79360K, reserved 1118208K
  class space    used 9676K, capacity 10364K, committed 10752K, reserved 1048576K
}
Event: 4415.151 GC heap before
{Heap before GC invocations=91 (full 12):
 PSYoungGen      total 305152K, used 268869K [0x00000000e0000000, 0x00000000f6e00000, 0x0000000100000000)
  eden space 236032K, 100% used [0x00000000e0000000,0x00000000ee680000,0x00000000ee680000)
  from space 69120K, 47% used [0x00000000f2780000,0x00000000f4791600,0x00000000f6b00000)
  to   space 66560K, 0% used [0x00000000ee680000,0x00000000ee680000,0x00000000f2780000)
 ParOldGen       total 224768K, used 149090K [0x00000000a0000000, 0x00000000adb80000, 0x00000000e0000000)
  object space 224768K, 66% used [0x00000000a0000000,0x00000000a9198918,0x00000000adb80000)
 Metaspace       used 75045K, capacity 78294K, committed 79360K, reserved 1118208K
  class space    used 9676K, capacity 10364K, committed 10752K, reserved 1048576K
Event: 4415.284 GC heap after
Heap after GC invocations=91 (full 12):
 PSYoungGen      total 302592K, used 62405K [0x00000000e0000000, 0x00000000f9780000, 0x0000000100000000)
  eden space 236032K, 0% used [0x00000000e0000000,0x00000000e0000000,0x00000000ee680000)
  from space 66560K, 93% used [0x00000000ee680000,0x00000000f2371638,0x00000000f2780000)
  to   space 74752K, 0% used [0x00000000f4e80000,0x00000000f4e80000,0x00000000f9780000)
 ParOldGen       total 224768K, used 149098K [0x00000000a0000000, 0x00000000adb80000, 0x00000000e0000000)
  object space 224768K, 66% used [0x00000000a0000000,0x00000000a919a918,0x00000000adb80000)
 Metaspace       used 75045K, capacity 78294K, committed 79360K, reserved 1118208K
  class space    used 9676K, capacity 10364K, committed 10752K, reserved 1048576K
}
Event: 4416.028 GC heap before
{Heap before GC invocations=92 (full 12):
 PSYoungGen      total 302592K, used 298437K [0x00000000e0000000, 0x00000000f9780000, 0x0000000100000000)
  eden space 236032K, 100% used [0x00000000e0000000,0x00000000ee680000,0x00000000ee680000)
  from space 66560K, 93% used [0x00000000ee680000,0x00000000f2371638,0x00000000f2780000)
  to   space 74752K, 0% used [0x00000000f4e80000,0x00000000f4e80000,0x00000000f9780000)
 ParOldGen       total 224768K, used 149098K [0x00000000a0000000, 0x00000000adb80000, 0x00000000e0000000)
  object space 224768K, 66% used [0x00000000a0000000,0x00000000a919a918,0x00000000adb80000)
 Metaspace       used 75053K, capacity 78294K, committed 79360K, reserved 1118208K
  class space    used 9677K, capacity 10364K, committed 10752K, reserved 1048576K
Event: 4416.141 GC heap after
Heap after GC invocations=92 (full 12):
 PSYoungGen      total 335360K, used 35789K [0x00000000e0000000, 0x00000000f9100000, 0x0000000100000000)
  eden space 267264K, 0% used [0x00000000e0000000,0x00000000e0000000,0x00000000f0500000)
  from space 68096K, 52% used [0x00000000f4e80000,0x00000000f71737f0,0x00000000f9100000)
  to   space 71680K, 0% used [0x00000000f0500000,0x00000000f0500000,0x00000000f4b00000)
 ParOldGen       total 224768K, used 171658K [0x00000000a0000000, 0x00000000adb80000, 0x00000000e0000000)
  object space 224768K, 76% used [0x00000000a0000000,0x00000000aa7a2b00,0x00000000adb80000)
 Metaspace       used 75053K, capacity 78294K, committed 79360K, reserved 1118208K
  class space    used 9677K, capacity 10364K, committed 10752K, reserved 1048576K
}
Event: 4418.511 GC heap before
{Heap before GC invocations=93 (full 12):
 PSYoungGen      total 335360K, used 303053K [0x00000000e0000000, 0x00000000f9100000, 0x0000000100000000)
  eden space 267264K, 100% used [0x00000000e0000000,0x00000000f0500000,0x00000000f0500000)
  from space 68096K, 52% used [0x00000000f4e80000,0x00000000f71737f0,0x00000000f9100000)
  to   space 71680K, 0% used [0x00000000f0500000,0x00000000f0500000,0x00000000f4b00000)
 ParOldGen       total 224768K, used 171658K [0x00000000a0000000, 0x00000000adb80000, 0x00000000e0000000)
  object space 224768K, 76% used [0x00000000a0000000,0x00000000aa7a2b00,0x00000000adb80000)
 Metaspace       used 75060K, capacity 78294K, committed 79360K, reserved 1118208K
  class space    used 9678K, capacity 10364K, committed 10752K, reserved 1048576K
Event: 4418.727 GC heap after
Heap after GC invocations=93 (full 12):
 PSYoungGen      total 338944K, used 20957K [0x00000000e0000000, 0x00000000faf00000, 0x0000000100000000)
  eden space 267264K, 0% used [0x00000000e0000000,0x00000000e0000000,0x00000000f0500000)
  from space 71680K, 29% used [0x00000000f0500000,0x00000000f19777d0,0x00000000f4b00000)
  to   space 70144K, 0% used [0x00000000f6a80000,0x00000000f6a80000,0x00000000faf00000)
 ParOldGen       total 224768K, used 181876K [0x00000000a0000000, 0x00000000adb80000, 0x00000000e0000000)
  object space 224768K, 80% used [0x00000000a0000000,0x00000000ab19d2b0,0x00000000adb80000)
 Metaspace       used 75060K, capacity 78294K, committed 79360K, reserved 1118208K
  class space    used 9678K, capacity 10364K, committed 10752K, reserved 1048576K
}

