# JRE version: Java(TM) SE Runtime Environment (8.0_111-b14) (build 1.8.0_111-b14)
# Java VM: Java HotSpot(TM) 64-Bit Server VM (25.111-b14 mixed mode windows-amd64 compressed oops)
Heap:
 PSYoungGen      total 349184K, used 224552K [0x00000000e0000000, 0x00000000f8e00000, 0x0000000100000000)
  eden space 293376K, 59% used [0x00000000e0000000,0x00000000ea9702c8,0x00000000f1e80000)
  from space 55808K, 91% used [0x00000000f1e80000,0x00000000f5059da8,0x00000000f5500000)
  to   space 51200K, 0% used [0x00000000f5500000,0x00000000f5500000,0x00000000f8700000)
 ParOldGen       total 198144K, used 136383K [0x00000000a0000000, 0x00000000ac180000, 0x00000000e0000000)
  object space 198144K, 68% used [0x00000000a0000000,0x00000000a852fe00,0x00000000ac180000)
 Metaspace       used 71667K, capacity 74470K, committed 74624K, reserved 1114112K
  class space    used 9353K, capacity 10009K, committed 10112K, reserved 1048576K
GC Heap History (10 events):
Event: 846.368 GC heap before
{Heap before GC invocations=58 (full 9):
 PSYoungGen      total 296960K, used 258048K [0x00000000e0000000, 0x00000000f5300000, 0x0000000100000000)
  eden space 258048K, 100% used [0x00000000e0000000,0x00000000efc00000,0x00000000efc00000)
  from space 38912K, 0% used [0x00000000f2500000,0x00000000f2500000,0x00000000f4b00000)
  to   space 41984K, 0% used [0x00000000efc00000,0x00000000efc00000,0x00000000f2500000)
 ParOldGen       total 198144K, used 136375K [0x00000000a0000000, 0x00000000ac180000, 0x00000000e0000000)
  object space 198144K, 68% used [0x00000000a0000000,0x00000000a852de00,0x00000000ac180000)
 Metaspace       used 71644K, capacity 74470K, committed 74624K, reserved 1114112K
  class space    used 9351K, capacity 10009K, committed 10112K, reserved 1048576K
Event: 846.453 GC heap after
Heap after GC invocations=58 (full 9):
 PSYoungGen      total 300032K, used 26352K [0x00000000e0000000, 0x00000000f6880000, 0x0000000100000000)
  eden space 258048K, 0% used [0x00000000e0000000,0x00000000e0000000,0x00000000efc00000)
  from space 41984K, 62% used [0x00000000efc00000,0x00000000f15bc340,0x00000000f2500000)
  to   space 43008K, 0% used [0x00000000f3e80000,0x00000000f3e80000,0x00000000f6880000)
 ParOldGen       total 198144K, used 136383K [0x00000000a0000000, 0x00000000ac180000, 0x00000000e0000000)
  object space 198144K, 68% used [0x00000000a0000000,0x00000000a852fe00,0x00000000ac180000)
 Metaspace       used 71644K, capacity 74470K, committed 74624K, reserved 1114112K
  class space    used 9351K, capacity 10009K, committed 10112K, reserved 1048576K
}
Event: 853.203 GC heap before
{Heap before GC invocations=59 (full 9):
 PSYoungGen      total 300032K, used 284400K [0x00000000e0000000, 0x00000000f6880000, 0x0000000100000000)
  eden space 258048K, 100% used [0x00000000e0000000,0x00000000efc00000,0x00000000efc00000)
  from space 41984K, 62% used [0x00000000efc00000,0x00000000f15bc340,0x00000000f2500000)
  to   space 43008K, 0% used [0x00000000f3e80000,0x00000000f3e80000,0x00000000f6880000)
 ParOldGen       total 198144K, used 136383K [0x00000000a0000000, 0x00000000ac180000, 0x00000000e0000000)
  object space 198144K, 68% used [0x00000000a0000000,0x00000000a852fe00,0x00000000ac180000)
 Metaspace       used 71648K, capacity 74470K, committed 74624K, reserved 1114112K
  class space    used 9351K, capacity 10009K, committed 10112K, reserved 1048576K
Event: 853.277 GC heap after
Heap after GC invocations=59 (full 9):
 PSYoungGen      total 321024K, used 39700K [0x00000000e0000000, 0x00000000f6f80000, 0x0000000100000000)
  eden space 278016K, 0% used [0x00000000e0000000,0x00000000e0000000,0x00000000f0f80000)
  from space 43008K, 92% used [0x00000000f3e80000,0x00000000f65451f0,0x00000000f6880000)
  to   space 48128K, 0% used [0x00000000f0f80000,0x00000000f0f80000,0x00000000f3e80000)
 ParOldGen       total 198144K, used 136383K [0x00000000a0000000, 0x00000000ac180000, 0x00000000e0000000)
  object space 198144K, 68% used [0x00000000a0000000,0x00000000a852fe00,0x00000000ac180000)
 Metaspace       used 71648K, capacity 74470K, committed 74624K, reserved 1114112K
  class space    used 9351K, capacity 10009K, committed 10112K, reserved 1048576K
}
Event: 857.684 GC heap before
{Heap before GC invocations=60 (full 9):
 PSYoungGen      total 321024K, used 317716K [0x00000000e0000000, 0x00000000f6f80000, 0x0000000100000000)
  eden space 278016K, 100% used [0x00000000e0000000,0x00000000f0f80000,0x00000000f0f80000)
  from space 43008K, 92% used [0x00000000f3e80000,0x00000000f65451f0,0x00000000f6880000)
  to   space 48128K, 0% used [0x00000000f0f80000,0x00000000f0f80000,0x00000000f3e80000)
 ParOldGen       total 198144K, used 136383K [0x00000000a0000000, 0x00000000ac180000, 0x00000000e0000000)
  object space 198144K, 68% used [0x00000000a0000000,0x00000000a852fe00,0x00000000ac180000)
 Metaspace       used 71656K, capacity 74470K, committed 74624K, reserved 1114112K
  class space    used 9352K, capacity 10009K, committed 10112K, reserved 1048576K
Event: 857.734 GC heap after
Heap after GC invocations=60 (full 9):
 PSYoungGen      total 326144K, used 35588K [0x00000000e0000000, 0x00000000f8700000, 0x0000000100000000)
  eden space 278016K, 0% used [0x00000000e0000000,0x00000000e0000000,0x00000000f0f80000)
  from space 48128K, 73% used [0x00000000f0f80000,0x00000000f3241300,0x00000000f3e80000)
  to   space 51200K, 0% used [0x00000000f5500000,0x00000000f5500000,0x00000000f8700000)
 ParOldGen       total 198144K, used 136383K [0x00000000a0000000, 0x00000000ac180000, 0x00000000e0000000)
  object space 198144K, 68% used [0x00000000a0000000,0x00000000a852fe00,0x00000000ac180000)
 Metaspace       used 71656K, capacity 74470K, committed 74624K, reserved 1114112K
  class space    used 9352K, capacity 10009K, committed 10112K, reserved 1048576K
}
Event: 860.892 GC heap before
{Heap before GC invocations=61 (full 9):
 PSYoungGen      total 326144K, used 313604K [0x00000000e0000000, 0x00000000f8700000, 0x0000000100000000)
  eden space 278016K, 100% used [0x00000000e0000000,0x00000000f0f80000,0x00000000f0f80000)
  from space 48128K, 73% used [0x00000000f0f80000,0x00000000f3241300,0x00000000f3e80000)
  to   space 51200K, 0% used [0x00000000f5500000,0x00000000f5500000,0x00000000f8700000)
 ParOldGen       total 198144K, used 136383K [0x00000000a0000000, 0x00000000ac180000, 0x00000000e0000000)
  object space 198144K, 68% used [0x00000000a0000000,0x00000000a852fe00,0x00000000ac180000)
 Metaspace       used 71659K, capacity 74470K, committed 74624K, reserved 1114112K
  class space    used 9352K, capacity 10009K, committed 10112K, reserved 1048576K
Event: 860.950 GC heap after
Heap after GC invocations=61 (full 9):
 PSYoungGen      total 344576K, used 41602K [0x00000000e0000000, 0x00000000f8e00000, 0x0000000100000000)
  eden space 293376K, 0% used [0x00000000e0000000,0x00000000e0000000,0x00000000f1e80000)
  from space 51200K, 81% used [0x00000000f5500000,0x00000000f7da08c0,0x00000000f8700000)
  to   space 55808K, 0% used [0x00000000f1e80000,0x00000000f1e80000,0x00000000f5500000)
 ParOldGen       total 198144K, used 136383K [0x00000000a0000000, 0x00000000ac180000, 0x00000000e0000000)
  object space 198144K, 68% used [0x00000000a0000000,0x00000000a852fe00,0x00000000ac180000)
 Metaspace       used 71659K, capacity 74470K, committed 74624K, reserved 1114112K
  class space    used 9352K, capacity 10009K, committed 10112K, reserved 1048576K
}
Event: 861.755 GC heap before
{Heap before GC invocations=62 (full 9):
 PSYoungGen      total 344576K, used 334978K [0x00000000e0000000, 0x00000000f8e00000, 0x0000000100000000)
  eden space 293376K, 100% used [0x00000000e0000000,0x00000000f1e80000,0x00000000f1e80000)
  from space 51200K, 81% used [0x00000000f5500000,0x00000000f7da08c0,0x00000000f8700000)
  to   space 55808K, 0% used [0x00000000f1e80000,0x00000000f1e80000,0x00000000f5500000)
 ParOldGen       total 198144K, used 136383K [0x00000000a0000000, 0x00000000ac180000, 0x00000000e0000000)
  object space 198144K, 68% used [0x00000000a0000000,0x00000000a852fe00,0x00000000ac180000)
 Metaspace       used 71661K, capacity 74470K, committed 74624K, reserved 1114112K
  class space    used 9352K, capacity 10009K, committed 10112K, reserved 1048576K
Event: 861.846 GC heap after
Heap after GC invocations=62 (full 9):
 PSYoungGen      total 349184K, used 51047K [0x00000000e0000000, 0x00000000f8e00000, 0x0000000100000000)
  eden space 293376K, 0% used [0x00000000e0000000,0x00000000e0000000,0x00000000f1e80000)
  from space 55808K, 91% used [0x00000000f1e80000,0x00000000f5059da8,0x00000000f5500000)
  to   space 51200K, 0% used [0x00000000f5500000,0x00000000f5500000,0x00000000f8700000)
 ParOldGen       total 198144K, used 136383K [0x00000000a0000000, 0x00000000ac180000, 0x00000000e0000000)
  object space 198144K, 68% used [0x00000000a0000000,0x00000000a852fe00,0x00000000ac180000)
 Metaspace       used 71661K, capacity 74470K, committed 74624K, reserved 1114112K
  class space    used 9352K, capacity 10009K, committed 10112K, reserved 1048576K
}

