# JRE version: Java(TM) SE Runtime Environment (8.0_111-b14) (build 1.8.0_111-b14)
# Java VM: Java HotSpot(TM) 64-Bit Server VM (25.111-b14 mixed mode windows-amd64 compressed oops)
Heap:
 PSYoungGen      total 380416K, used 318908K [0x00000000e0000000, 0x00000000ffa00000, 0x0000000100000000)
  eden space 245760K, 99% used [0x00000000e0000000,0x00000000eef5c638,0x00000000ef000000)
  from space 134656K, 54% used [0x00000000ef000000,0x00000000f3812d08,0x00000000f7380000)
  to   space 131584K, 4% used [0x00000000f7980000,0x00000000f7fceb98,0x00000000ffa00000)
 ParOldGen       total 256512K, used 127130K [0x00000000a0000000, 0x00000000afa80000, 0x00000000e0000000)
  object space 256512K, 49% used [0x00000000a0000000,0x00000000a7c26868,0x00000000afa80000)
 Metaspace       used 77284K, capacity 80212K, committed 81024K, reserved 1120256K
  class space    used 9780K, capacity 10383K, committed 10624K, reserved 1048576K
GC Heap History (10 events):
Event: 2334.816 GC heap after
Heap after GC invocations=78 (full 13):
 PSYoungGen      total 314368K, used 77213K [0x00000000e0000000, 0x00000000ffc80000, 0x0000000100000000)
  eden space 237056K, 0% used [0x00000000e0000000,0x00000000e0000000,0x00000000ee780000)
  from space 77312K, 99% used [0x00000000ee780000,0x00000000f32e7598,0x00000000f3300000)
  to   space 141824K, 0% used [0x00000000f7200000,0x00000000f7200000,0x00000000ffc80000)
 ParOldGen       total 256512K, used 73677K [0x00000000a0000000, 0x00000000afa80000, 0x00000000e0000000)
  object space 256512K, 28% used [0x00000000a0000000,0x00000000a47f36b0,0x00000000afa80000)
 Metaspace       used 77190K, capacity 80152K, committed 81024K, reserved 1120256K
  class space    used 9774K, capacity 10373K, committed 10624K, reserved 1048576K
}
Event: 2335.172 GC heap before
{Heap before GC invocations=79 (full 13):
 PSYoungGen      total 314368K, used 314269K [0x00000000e0000000, 0x00000000ffc80000, 0x0000000100000000)
  eden space 237056K, 100% used [0x00000000e0000000,0x00000000ee780000,0x00000000ee780000)
  from space 77312K, 99% used [0x00000000ee780000,0x00000000f32e7598,0x00000000f3300000)
  to   space 141824K, 0% used [0x00000000f7200000,0x00000000f7200000,0x00000000ffc80000)
 ParOldGen       total 256512K, used 73677K [0x00000000a0000000, 0x00000000afa80000, 0x00000000e0000000)
  object space 256512K, 28% used [0x00000000a0000000,0x00000000a47f36b0,0x00000000afa80000)
 Metaspace       used 77192K, capacity 80152K, committed 81024K, reserved 1120256K
  class space    used 9774K, capacity 10373K, committed 10624K, reserved 1048576K
Event: 2335.261 GC heap after
Heap after GC invocations=79 (full 13):
 PSYoungGen      total 384000K, used 67885K [0x00000000e0000000, 0x0000000100000000, 0x0000000100000000)
  eden space 242176K, 0% used [0x00000000e0000000,0x00000000e0000000,0x00000000eec80000)
  from space 141824K, 47% used [0x00000000f7200000,0x00000000fb44b508,0x00000000ffc80000)
  to   space 136704K, 0% used [0x00000000eec80000,0x00000000eec80000,0x00000000f7200000)
 ParOldGen       total 256512K, used 85590K [0x00000000a0000000, 0x00000000afa80000, 0x00000000e0000000)
  object space 256512K, 33% used [0x00000000a0000000,0x00000000a53959c8,0x00000000afa80000)
 Metaspace       used 77192K, capacity 80152K, committed 81024K, reserved 1120256K
  class space    used 9774K, capacity 10373K, committed 10624K, reserved 1048576K
}
Event: 2335.676 GC heap before
{Heap before GC invocations=80 (full 13):
 PSYoungGen      total 384000K, used 310061K [0x00000000e0000000, 0x0000000100000000, 0x0000000100000000)
  eden space 242176K, 100% used [0x00000000e0000000,0x00000000eec80000,0x00000000eec80000)
  from space 141824K, 47% used [0x00000000f7200000,0x00000000fb44b508,0x00000000ffc80000)
  to   space 136704K, 0% used [0x00000000eec80000,0x00000000eec80000,0x00000000f7200000)
 ParOldGen       total 256512K, used 85590K [0x00000000a0000000, 0x00000000afa80000, 0x00000000e0000000)
  object space 256512K, 33% used [0x00000000a0000000,0x00000000a53959c8,0x00000000afa80000)
 Metaspace       used 77194K, capacity 80152K, committed 81024K, reserved 1120256K
  class space    used 9774K, capacity 10373K, committed 10624K, reserved 1048576K
Event: 2335.770 GC heap after
Heap after GC invocations=80 (full 13):
 PSYoungGen      total 378880K, used 75062K [0x00000000e0000000, 0x00000000ff700000, 0x0000000100000000)
  eden space 242176K, 0% used [0x00000000e0000000,0x00000000e0000000,0x00000000eec80000)
  from space 136704K, 54% used [0x00000000eec80000,0x00000000f35cdac8,0x00000000f7200000)
  to   space 134656K, 0% used [0x00000000f7380000,0x00000000f7380000,0x00000000ff700000)
 ParOldGen       total 256512K, used 98288K [0x00000000a0000000, 0x00000000afa80000, 0x00000000e0000000)
  object space 256512K, 38% used [0x00000000a0000000,0x00000000a5ffc2d8,0x00000000afa80000)
 Metaspace       used 77194K, capacity 80152K, committed 81024K, reserved 1120256K
  class space    used 9774K, capacity 10373K, committed 10624K, reserved 1048576K
}
Event: 2336.261 GC heap before
{Heap before GC invocations=81 (full 13):
 PSYoungGen      total 378880K, used 317226K [0x00000000e0000000, 0x00000000ff700000, 0x0000000100000000)
  eden space 242176K, 99% used [0x00000000e0000000,0x00000000eec7d040,0x00000000eec80000)
  from space 136704K, 54% used [0x00000000eec80000,0x00000000f35cdac8,0x00000000f7200000)
  to   space 134656K, 0% used [0x00000000f7380000,0x00000000f7380000,0x00000000ff700000)
 ParOldGen       total 256512K, used 98288K [0x00000000a0000000, 0x00000000afa80000, 0x00000000e0000000)
  object space 256512K, 38% used [0x00000000a0000000,0x00000000a5ffc2d8,0x00000000afa80000)
 Metaspace       used 77195K, capacity 80152K, committed 81024K, reserved 1120256K
  class space    used 9774K, capacity 10373K, committed 10624K, reserved 1048576K
Event: 2336.365 GC heap after
Heap after GC invocations=81 (full 13):
 PSYoungGen      total 380416K, used 82329K [0x00000000e0000000, 0x00000000ffe00000, 0x0000000100000000)
  eden space 245760K, 0% used [0x00000000e0000000,0x00000000e0000000,0x00000000ef000000)
  from space 134656K, 61% used [0x00000000f7380000,0x00000000fc3e6620,0x00000000ff700000)
  to   space 134656K, 0% used [0x00000000ef000000,0x00000000ef000000,0x00000000f7380000)
 ParOldGen       total 256512K, used 109212K [0x00000000a0000000, 0x00000000afa80000, 0x00000000e0000000)
  object space 256512K, 42% used [0x00000000a0000000,0x00000000a6aa7200,0x00000000afa80000)
 Metaspace       used 77195K, capacity 80152K, committed 81024K, reserved 1120256K
  class space    used 9774K, capacity 10373K, committed 10624K, reserved 1048576K
}
Event: 2336.598 GC heap before
{Heap before GC invocations=82 (full 13):
 PSYoungGen      total 380416K, used 328089K [0x00000000e0000000, 0x00000000ffe00000, 0x0000000100000000)
  eden space 245760K, 100% used [0x00000000e0000000,0x00000000ef000000,0x00000000ef000000)
  from space 134656K, 61% used [0x00000000f7380000,0x00000000fc3e6620,0x00000000ff700000)
  to   space 134656K, 0% used [0x00000000ef000000,0x00000000ef000000,0x00000000f7380000)
 ParOldGen       total 256512K, used 109212K [0x00000000a0000000, 0x00000000afa80000, 0x00000000e0000000)
  object space 256512K, 42% used [0x00000000a0000000,0x00000000a6aa7200,0x00000000afa80000)
 Metaspace       used 77195K, capacity 80152K, committed 81024K, reserved 1120256K
  class space    used 9774K, capacity 10373K, committed 10624K, reserved 1048576K
Event: 2336.693 GC heap after
Heap after GC invocations=82 (full 13):
 PSYoungGen      total 380416K, used 73803K [0x00000000e0000000, 0x00000000ffa00000, 0x0000000100000000)
  eden space 245760K, 0% used [0x00000000e0000000,0x00000000e0000000,0x00000000ef000000)
  from space 134656K, 54% used [0x00000000ef000000,0x00000000f3812d08,0x00000000f7380000)
  to   space 131584K, 0% used [0x00000000f7980000,0x00000000f7980000,0x00000000ffa00000)
 ParOldGen       total 256512K, used 117287K [0x00000000a0000000, 0x00000000afa80000, 0x00000000e0000000)
  object space 256512K, 45% used [0x00000000a0000000,0x00000000a7289fd0,0x00000000afa80000)
 Metaspace       used 77195K, capacity 80152K, committed 81024K, reserved 1120256K
  class space    used 9774K, capacity 10373K, committed 10624K, reserved 1048576K
}
Event: 2337.879 GC heap before
{Heap before GC invocations=83 (full 13):
 PSYoungGen      total 380416K, used 318908K [0x00000000e0000000, 0x00000000ffa00000, 0x0000000100000000)
  eden space 245760K, 99% used [0x00000000e0000000,0x00000000eef5c638,0x00000000ef000000)
  from space 134656K, 54% used [0x00000000ef000000,0x00000000f3812d08,0x00000000f7380000)
  to   space 131584K, 0% used [0x00000000f7980000,0x00000000f7980000,0x00000000ffa00000)
 ParOldGen       total 256512K, used 117287K [0x00000000a0000000, 0x00000000afa80000, 0x00000000e0000000)
  object space 256512K, 45% used [0x00000000a0000000,0x00000000a7289fd0,0x00000000afa80000)
 Metaspace       used 77284K, capacity 80212K, committed 81024K, reserved 1120256K
  class space    used 9780K, capacity 10383K, committed 10624K, reserved 1048576K

