# JRE version: Java(TM) SE Runtime Environment (8.0_111-b14) (build 1.8.0_111-b14)
# Java VM: Java HotSpot(TM) 64-Bit Server VM (25.111-b14 mixed mode windows-amd64 compressed oops)
Heap:
 PSYoungGen      total 133120K, used 98931K [0x00000000e0000000, 0x00000000e8c00000, 0x0000000100000000)
  eden space 125952K, 74% used [0x00000000e0000000,0x00000000e5c300c8,0x00000000e7b00000)
  from space 7168K, 63% used [0x00000000e8500000,0x00000000e896cd88,0x00000000e8c00000)
  to   space 8704K, 0% used [0x00000000e7b00000,0x00000000e7b00000,0x00000000e8380000)
 ParOldGen       total 62976K, used 54652K [0x00000000a0000000, 0x00000000a3d80000, 0x00000000e0000000)
  object space 62976K, 86% used [0x00000000a0000000,0x00000000a355f0d8,0x00000000a3d80000)
 Metaspace       used 61035K, capacity 63522K, committed 63744K, reserved 1103872K
  class space    used 8221K, capacity 8839K, committed 8960K, reserved 1048576K
GC Heap History (10 events):
Event: 159.525 GC heap before
{Heap before GC invocations=38 (full 4):
 PSYoungGen      total 91648K, used 81920K [0x00000000e0000000, 0x00000000e7380000, 0x0000000100000000)
  eden space 81920K, 100% used [0x00000000e0000000,0x00000000e5000000,0x00000000e5000000)
  from space 9728K, 0% used [0x00000000e5000000,0x00000000e5000000,0x00000000e5980000)
  to   space 10240K, 0% used [0x00000000e6980000,0x00000000e6980000,0x00000000e7380000)
 ParOldGen       total 62976K, used 42305K [0x00000000a0000000, 0x00000000a3d80000, 0x00000000e0000000)
  object space 62976K, 67% used [0x00000000a0000000,0x00000000a29507a8,0x00000000a3d80000)
 Metaspace       used 53107K, capacity 55332K, committed 55680K, reserved 1097728K
  class space    used 7384K, capacity 7940K, committed 8064K, reserved 1048576K
Event: 159.546 GC heap after
Heap after GC invocations=38 (full 4):
 PSYoungGen      total 104960K, used 2496K [0x00000000e0000000, 0x00000000e7180000, 0x0000000100000000)
  eden space 96768K, 0% used [0x00000000e0000000,0x00000000e0000000,0x00000000e5e80000)
  from space 8192K, 30% used [0x00000000e6980000,0x00000000e6bf0000,0x00000000e7180000)
  to   space 9728K, 0% used [0x00000000e5e80000,0x00000000e5e80000,0x00000000e6800000)
 ParOldGen       total 62976K, used 42313K [0x00000000a0000000, 0x00000000a3d80000, 0x00000000e0000000)
  object space 62976K, 67% used [0x00000000a0000000,0x00000000a29527a8,0x00000000a3d80000)
 Metaspace       used 53107K, capacity 55332K, committed 55680K, reserved 1097728K
  class space    used 7384K, capacity 7940K, committed 8064K, reserved 1048576K
}
Event: 167.490 GC heap before
{Heap before GC invocations=39 (full 4):
 PSYoungGen      total 104960K, used 99264K [0x00000000e0000000, 0x00000000e7180000, 0x0000000100000000)
  eden space 96768K, 100% used [0x00000000e0000000,0x00000000e5e80000,0x00000000e5e80000)
  from space 8192K, 30% used [0x00000000e6980000,0x00000000e6bf0000,0x00000000e7180000)
  to   space 9728K, 0% used [0x00000000e5e80000,0x00000000e5e80000,0x00000000e6800000)
 ParOldGen       total 62976K, used 42313K [0x00000000a0000000, 0x00000000a3d80000, 0x00000000e0000000)
  object space 62976K, 67% used [0x00000000a0000000,0x00000000a29527a8,0x00000000a3d80000)
 Metaspace       used 55499K, capacity 57674K, committed 57984K, reserved 1099776K
  class space    used 7657K, capacity 8213K, committed 8320K, reserved 1048576K
Event: 167.503 GC heap after
Heap after GC invocations=39 (full 4):
 PSYoungGen      total 106496K, used 5074K [0x00000000e0000000, 0x00000000e8180000, 0x0000000100000000)
  eden space 96768K, 0% used [0x00000000e0000000,0x00000000e0000000,0x00000000e5e80000)
  from space 9728K, 52% used [0x00000000e5e80000,0x00000000e6374a20,0x00000000e6800000)
  to   space 9728K, 0% used [0x00000000e7800000,0x00000000e7800000,0x00000000e8180000)
 ParOldGen       total 62976K, used 43933K [0x00000000a0000000, 0x00000000a3d80000, 0x00000000e0000000)
  object space 62976K, 69% used [0x00000000a0000000,0x00000000a2ae77e8,0x00000000a3d80000)
 Metaspace       used 55499K, capacity 57674K, committed 57984K, reserved 1099776K
  class space    used 7657K, capacity 8213K, committed 8320K, reserved 1048576K
}
Event: 412.906 GC heap before
{Heap before GC invocations=40 (full 4):
 PSYoungGen      total 106496K, used 101842K [0x00000000e0000000, 0x00000000e8180000, 0x0000000100000000)
  eden space 96768K, 100% used [0x00000000e0000000,0x00000000e5e80000,0x00000000e5e80000)
  from space 9728K, 52% used [0x00000000e5e80000,0x00000000e6374a20,0x00000000e6800000)
  to   space 9728K, 0% used [0x00000000e7800000,0x00000000e7800000,0x00000000e8180000)
 ParOldGen       total 62976K, used 43933K [0x00000000a0000000, 0x00000000a3d80000, 0x00000000e0000000)
  object space 62976K, 69% used [0x00000000a0000000,0x00000000a2ae77e8,0x00000000a3d80000)
 Metaspace       used 55903K, capacity 58268K, committed 58496K, reserved 1099776K
  class space    used 7681K, capacity 8258K, committed 8320K, reserved 1048576K
Event: 412.921 GC heap after
Heap after GC invocations=40 (full 4):
 PSYoungGen      total 118784K, used 4384K [0x00000000e0000000, 0x00000000e7f00000, 0x0000000100000000)
  eden space 111616K, 0% used [0x00000000e0000000,0x00000000e0000000,0x00000000e6d00000)
  from space 7168K, 61% used [0x00000000e7800000,0x00000000e7c48000,0x00000000e7f00000)
  to   space 9216K, 0% used [0x00000000e6d00000,0x00000000e6d00000,0x00000000e7600000)
 ParOldGen       total 62976K, used 47427K [0x00000000a0000000, 0x00000000a3d80000, 0x00000000e0000000)
  object space 62976K, 75% used [0x00000000a0000000,0x00000000a2e50ff8,0x00000000a3d80000)
 Metaspace       used 55903K, capacity 58268K, committed 58496K, reserved 1099776K
  class space    used 7681K, capacity 8258K, committed 8320K, reserved 1048576K
}
Event: 419.048 GC heap before
{Heap before GC invocations=41 (full 4):
 PSYoungGen      total 118784K, used 116000K [0x00000000e0000000, 0x00000000e7f00000, 0x0000000100000000)
  eden space 111616K, 100% used [0x00000000e0000000,0x00000000e6d00000,0x00000000e6d00000)
  from space 7168K, 61% used [0x00000000e7800000,0x00000000e7c48000,0x00000000e7f00000)
  to   space 9216K, 0% used [0x00000000e6d00000,0x00000000e6d00000,0x00000000e7600000)
 ParOldGen       total 62976K, used 47427K [0x00000000a0000000, 0x00000000a3d80000, 0x00000000e0000000)
  object space 62976K, 75% used [0x00000000a0000000,0x00000000a2e50ff8,0x00000000a3d80000)
 Metaspace       used 56542K, capacity 58970K, committed 59136K, reserved 1099776K
  class space    used 7758K, capacity 8347K, committed 8448K, reserved 1048576K
Event: 419.058 GC heap after
Heap after GC invocations=41 (full 4):
 PSYoungGen      total 120832K, used 4697K [0x00000000e0000000, 0x00000000e8e00000, 0x0000000100000000)
  eden space 111616K, 0% used [0x00000000e0000000,0x00000000e0000000,0x00000000e6d00000)
  from space 9216K, 50% used [0x00000000e6d00000,0x00000000e7196478,0x00000000e7600000)
  to   space 9216K, 0% used [0x00000000e8500000,0x00000000e8500000,0x00000000e8e00000)
 ParOldGen       total 62976K, used 51053K [0x00000000a0000000, 0x00000000a3d80000, 0x00000000e0000000)
  object space 62976K, 81% used [0x00000000a0000000,0x00000000a31db4a0,0x00000000a3d80000)
 Metaspace       used 56542K, capacity 58970K, committed 59136K, reserved 1099776K
  class space    used 7758K, capacity 8347K, committed 8448K, reserved 1048576K
}
Event: 432.219 GC heap before
{Heap before GC invocations=42 (full 4):
 PSYoungGen      total 120832K, used 114507K [0x00000000e0000000, 0x00000000e8e00000, 0x0000000100000000)
  eden space 111616K, 98% used [0x00000000e0000000,0x00000000e6b3cac0,0x00000000e6d00000)
  from space 9216K, 50% used [0x00000000e6d00000,0x00000000e7196478,0x00000000e7600000)
  to   space 9216K, 0% used [0x00000000e8500000,0x00000000e8500000,0x00000000e8e00000)
 ParOldGen       total 62976K, used 51053K [0x00000000a0000000, 0x00000000a3d80000, 0x00000000e0000000)
  object space 62976K, 81% used [0x00000000a0000000,0x00000000a31db4a0,0x00000000a3d80000)
 Metaspace       used 59048K, capacity 61524K, committed 61696K, reserved 1101824K
  class space    used 8045K, capacity 8628K, committed 8704K, reserved 1048576K
Event: 432.255 GC heap after
Heap after GC invocations=42 (full 4):
 PSYoungGen      total 133120K, used 4531K [0x00000000e0000000, 0x00000000e8c00000, 0x0000000100000000)
  eden space 125952K, 0% used [0x00000000e0000000,0x00000000e0000000,0x00000000e7b00000)
  from space 7168K, 63% used [0x00000000e8500000,0x00000000e896cd88,0x00000000e8c00000)
  to   space 8704K, 0% used [0x00000000e7b00000,0x00000000e7b00000,0x00000000e8380000)
 ParOldGen       total 62976K, used 54652K [0x00000000a0000000, 0x00000000a3d80000, 0x00000000e0000000)
  object space 62976K, 86% used [0x00000000a0000000,0x00000000a355f0d8,0x00000000a3d80000)
 Metaspace       used 59048K, capacity 61524K, committed 61696K, reserved 1101824K
  class space    used 8045K, capacity 8628K, committed 8704K, reserved 1048576K
}

