# JRE version: Java(TM) SE Runtime Environment (8.0_111-b14) (build 1.8.0_111-b14)
# Java VM: Java HotSpot(TM) 64-Bit Server VM (25.111-b14 mixed mode windows-amd64 compressed oops)
Heap:
 PSYoungGen      total 343040K, used 65349K [0x00000000e0000000, 0x00000000f8a80000, 0x0000000100000000)
  eden space 287744K, 22% used [0x00000000e0000000,0x00000000e3fd1710,0x00000000f1900000)
  from space 55296K, 0% used [0x00000000f5080000,0x00000000f5080000,0x00000000f8680000)
  to   space 56832K, 0% used [0x00000000f1900000,0x00000000f1900000,0x00000000f5080000)
 ParOldGen       total 126976K, used 116583K [0x00000000a0000000, 0x00000000a7c00000, 0x00000000e0000000)
  object space 126976K, 91% used [0x00000000a0000000,0x00000000a71d9f48,0x00000000a7c00000)
 Metaspace       used 65661K, capacity 67494K, committed 67840K, reserved 1107968K
  class space    used 8496K, capacity 8909K, committed 8960K, reserved 1048576K
GC Heap History (10 events):
Event: 248.965 GC heap before
{Heap before GC invocations=40 (full 12):
 PSYoungGen      total 343040K, used 287744K [0x00000000e0000000, 0x00000000f8a80000, 0x0000000100000000)
  eden space 287744K, 100% used [0x00000000e0000000,0x00000000f1900000,0x00000000f1900000)
  from space 55296K, 0% used [0x00000000f5080000,0x00000000f5080000,0x00000000f8680000)
  to   space 56832K, 0% used [0x00000000f1900000,0x00000000f1900000,0x00000000f5080000)
 ParOldGen       total 126976K, used 126955K [0x00000000a0000000, 0x00000000a7c00000, 0x00000000e0000000)
  object space 126976K, 99% used [0x00000000a0000000,0x00000000a7bfad18,0x00000000a7c00000)
 Metaspace       used 65613K, capacity 67424K, committed 67584K, reserved 1107968K
  class space    used 8494K, capacity 8908K, committed 8960K, reserved 1048576K
Event: 250.108 GC heap after
Heap after GC invocations=40 (full 12):
 PSYoungGen      total 343040K, used 29079K [0x00000000e0000000, 0x00000000f8a80000, 0x0000000100000000)
  eden space 287744K, 10% used [0x00000000e0000000,0x00000000e1c65c28,0x00000000f1900000)
  from space 55296K, 0% used [0x00000000f5080000,0x00000000f5080000,0x00000000f8680000)
  to   space 56832K, 0% used [0x00000000f1900000,0x00000000f1900000,0x00000000f5080000)
 ParOldGen       total 126976K, used 126920K [0x00000000a0000000, 0x00000000a7c00000, 0x00000000e0000000)
  object space 126976K, 99% used [0x00000000a0000000,0x00000000a7bf2160,0x00000000a7c00000)
 Metaspace       used 65613K, capacity 67424K, committed 67584K, reserved 1107968K
  class space    used 8494K, capacity 8908K, committed 8960K, reserved 1048576K
}
Event: 251.500 GC heap before
{Heap before GC invocations=41 (full 13):
 PSYoungGen      total 343040K, used 287744K [0x00000000e0000000, 0x00000000f8a80000, 0x0000000100000000)
  eden space 287744K, 100% used [0x00000000e0000000,0x00000000f1900000,0x00000000f1900000)
  from space 55296K, 0% used [0x00000000f5080000,0x00000000f5080000,0x00000000f8680000)
  to   space 56832K, 0% used [0x00000000f1900000,0x00000000f1900000,0x00000000f5080000)
 ParOldGen       total 126976K, used 126920K [0x00000000a0000000, 0x00000000a7c00000, 0x00000000e0000000)
  object space 126976K, 99% used [0x00000000a0000000,0x00000000a7bf2160,0x00000000a7c00000)
 Metaspace       used 65626K, capacity 67424K, committed 67584K, reserved 1107968K
  class space    used 8495K, capacity 8908K, committed 8960K, reserved 1048576K
Event: 252.670 GC heap after
Heap after GC invocations=41 (full 13):
 PSYoungGen      total 343040K, used 2042K [0x00000000e0000000, 0x00000000f8a80000, 0x0000000100000000)
  eden space 287744K, 0% used [0x00000000e0000000,0x00000000e01feb68,0x00000000f1900000)
  from space 55296K, 0% used [0x00000000f5080000,0x00000000f5080000,0x00000000f8680000)
  to   space 56832K, 0% used [0x00000000f1900000,0x00000000f1900000,0x00000000f5080000)
 ParOldGen       total 126976K, used 126957K [0x00000000a0000000, 0x00000000a7c00000, 0x00000000e0000000)
  object space 126976K, 99% used [0x00000000a0000000,0x00000000a7bfb6a8,0x00000000a7c00000)
 Metaspace       used 65626K, capacity 67424K, committed 67584K, reserved 1107968K
  class space    used 8495K, capacity 8908K, committed 8960K, reserved 1048576K
}
Event: 255.003 GC heap before
{Heap before GC invocations=42 (full 14):
 PSYoungGen      total 343040K, used 287744K [0x00000000e0000000, 0x00000000f8a80000, 0x0000000100000000)
  eden space 287744K, 100% used [0x00000000e0000000,0x00000000f1900000,0x00000000f1900000)
  from space 55296K, 0% used [0x00000000f5080000,0x00000000f5080000,0x00000000f8680000)
  to   space 56832K, 0% used [0x00000000f1900000,0x00000000f1900000,0x00000000f5080000)
 ParOldGen       total 126976K, used 126957K [0x00000000a0000000, 0x00000000a7c00000, 0x00000000e0000000)
  object space 126976K, 99% used [0x00000000a0000000,0x00000000a7bfb6a8,0x00000000a7c00000)
 Metaspace       used 65642K, capacity 67424K, committed 67584K, reserved 1107968K
  class space    used 8495K, capacity 8908K, committed 8960K, reserved 1048576K
Event: 255.648 GC heap after
Heap after GC invocations=42 (full 14):
 PSYoungGen      total 343040K, used 0K [0x00000000e0000000, 0x00000000f8a80000, 0x0000000100000000)
  eden space 287744K, 0% used [0x00000000e0000000,0x00000000e0000000,0x00000000f1900000)
  from space 55296K, 0% used [0x00000000f5080000,0x00000000f5080000,0x00000000f8680000)
  to   space 56832K, 0% used [0x00000000f1900000,0x00000000f1900000,0x00000000f5080000)
 ParOldGen       total 126976K, used 118322K [0x00000000a0000000, 0x00000000a7c00000, 0x00000000e0000000)
  object space 126976K, 93% used [0x00000000a0000000,0x00000000a738c878,0x00000000a7c00000)
 Metaspace       used 65642K, capacity 67424K, committed 67584K, reserved 1107968K
  class space    used 8495K, capacity 8908K, committed 8960K, reserved 1048576K
}
Event: 256.404 GC heap before
{Heap before GC invocations=43 (full 15):
 PSYoungGen      total 343040K, used 287744K [0x00000000e0000000, 0x00000000f8a80000, 0x0000000100000000)
  eden space 287744K, 100% used [0x00000000e0000000,0x00000000f1900000,0x00000000f1900000)
  from space 55296K, 0% used [0x00000000f5080000,0x00000000f5080000,0x00000000f8680000)
  to   space 56832K, 0% used [0x00000000f1900000,0x00000000f1900000,0x00000000f5080000)
 ParOldGen       total 126976K, used 118322K [0x00000000a0000000, 0x00000000a7c00000, 0x00000000e0000000)
  object space 126976K, 93% used [0x00000000a0000000,0x00000000a738c878,0x00000000a7c00000)
 Metaspace       used 65649K, capacity 67488K, committed 67584K, reserved 1107968K
  class space    used 8495K, capacity 8908K, committed 8960K, reserved 1048576K
Event: 257.469 GC heap after
Heap after GC invocations=43 (full 15):
 PSYoungGen      total 343040K, used 20671K [0x00000000e0000000, 0x00000000f8a80000, 0x0000000100000000)
  eden space 287744K, 7% used [0x00000000e0000000,0x00000000e142ffc0,0x00000000f1900000)
  from space 55296K, 0% used [0x00000000f5080000,0x00000000f5080000,0x00000000f8680000)
  to   space 56832K, 0% used [0x00000000f1900000,0x00000000f1900000,0x00000000f5080000)
 ParOldGen       total 126976K, used 126962K [0x00000000a0000000, 0x00000000a7c00000, 0x00000000e0000000)
  object space 126976K, 99% used [0x00000000a0000000,0x00000000a7bfc8b8,0x00000000a7c00000)
 Metaspace       used 65649K, capacity 67488K, committed 67584K, reserved 1107968K
  class space    used 8495K, capacity 8908K, committed 8960K, reserved 1048576K
}
Event: 258.824 GC heap before
{Heap before GC invocations=44 (full 16):
 PSYoungGen      total 343040K, used 287744K [0x00000000e0000000, 0x00000000f8a80000, 0x0000000100000000)
  eden space 287744K, 100% used [0x00000000e0000000,0x00000000f1900000,0x00000000f1900000)
  from space 55296K, 0% used [0x00000000f5080000,0x00000000f5080000,0x00000000f8680000)
  to   space 56832K, 0% used [0x00000000f1900000,0x00000000f1900000,0x00000000f5080000)
 ParOldGen       total 126976K, used 126962K [0x00000000a0000000, 0x00000000a7c00000, 0x00000000e0000000)
  object space 126976K, 99% used [0x00000000a0000000,0x00000000a7bfc8b8,0x00000000a7c00000)
 Metaspace       used 65655K, capacity 67488K, committed 67584K, reserved 1107968K
  class space    used 8495K, capacity 8908K, committed 8960K, reserved 1048576K
Event: 259.282 GC heap after
Heap after GC invocations=44 (full 16):
 PSYoungGen      total 343040K, used 0K [0x00000000e0000000, 0x00000000f8a80000, 0x0000000100000000)
  eden space 287744K, 0% used [0x00000000e0000000,0x00000000e0000000,0x00000000f1900000)
  from space 55296K, 0% used [0x00000000f5080000,0x00000000f5080000,0x00000000f8680000)
  to   space 56832K, 0% used [0x00000000f1900000,0x00000000f1900000,0x00000000f5080000)
 ParOldGen       total 126976K, used 116583K [0x00000000a0000000, 0x00000000a7c00000, 0x00000000e0000000)
  object space 126976K, 91% used [0x00000000a0000000,0x00000000a71d9f48,0x00000000a7c00000)
 Metaspace       used 65655K, capacity 67488K, committed 67584K, reserved 1107968K
  class space    used 8495K, capacity 8908K, committed 8960K, reserved 1048576K
}

