# JRE version: Java(TM) SE Runtime Environment (8.0_111-b14) (build 1.8.0_111-b14)
# Java VM: Java HotSpot(TM) 64-Bit Server VM (25.111-b14 mixed mode windows-amd64 compressed oops)
Heap:
 PSYoungGen      total 113152K, used 86169K [0x00000000e0000000, 0x00000000e9b00000, 0x0000000100000000)
  eden space 104448K, 74% used [0x00000000e0000000,0x00000000e4bad7c0,0x00000000e6600000)
  from space 8704K, 99% used [0x00000000e6600000,0x00000000e6e78c90,0x00000000e6e80000)
  to   space 10752K, 0% used [0x00000000e9080000,0x00000000e9080000,0x00000000e9b00000)
 ParOldGen       total 49152K, used 15944K [0x00000000a0000000, 0x00000000a3000000, 0x00000000e0000000)
  object space 49152K, 32% used [0x00000000a0000000,0x00000000a0f92250,0x00000000a3000000)
 Metaspace       used 43455K, capacity 44440K, committed 44672K, reserved 1087488K
  class space    used 5888K, capacity 6164K, committed 6272K, reserved 1048576K
GC Heap History (10 events):
Event: 10.630 GC heap before
{Heap before GC invocations=11 (full 1):
 PSYoungGen      total 70656K, used 70646K [0x00000000e0000000, 0x00000000e5a00000, 0x0000000100000000)
  eden space 63488K, 100% used [0x00000000e0000000,0x00000000e3e00000,0x00000000e3e00000)
  from space 7168K, 99% used [0x00000000e3e00000,0x00000000e44fdb38,0x00000000e4500000)
  to   space 8192K, 0% used [0x00000000e5200000,0x00000000e5200000,0x00000000e5a00000)
 ParOldGen       total 35328K, used 10124K [0x00000000a0000000, 0x00000000a2280000, 0x00000000e0000000)
  object space 35328K, 28% used [0x00000000a0000000,0x00000000a09e3320,0x00000000a2280000)
 Metaspace       used 28499K, capacity 29050K, committed 29312K, reserved 1075200K
  class space    used 3962K, capacity 4137K, committed 4224K, reserved 1048576K
Event: 10.638 GC heap after
Heap after GC invocations=11 (full 1):
 PSYoungGen      total 83968K, used 2464K [0x00000000e0000000, 0x00000000e6600000, 0x0000000100000000)
  eden space 75776K, 0% used [0x00000000e0000000,0x00000000e0000000,0x00000000e4a00000)
  from space 8192K, 30% used [0x00000000e5200000,0x00000000e5468010,0x00000000e5a00000)
  to   space 8192K, 0% used [0x00000000e4a00000,0x00000000e4a00000,0x00000000e5200000)
 ParOldGen       total 35328K, used 12136K [0x00000000a0000000, 0x00000000a2280000, 0x00000000e0000000)
  object space 35328K, 34% used [0x00000000a0000000,0x00000000a0bda340,0x00000000a2280000)
 Metaspace       used 28499K, capacity 29050K, committed 29312K, reserved 1075200K
  class space    used 3962K, capacity 4137K, committed 4224K, reserved 1048576K
}
Event: 12.726 GC heap before
{Heap before GC invocations=12 (full 1):
 PSYoungGen      total 83968K, used 78240K [0x00000000e0000000, 0x00000000e6600000, 0x0000000100000000)
  eden space 75776K, 100% used [0x00000000e0000000,0x00000000e4a00000,0x00000000e4a00000)
  from space 8192K, 30% used [0x00000000e5200000,0x00000000e5468010,0x00000000e5a00000)
  to   space 8192K, 0% used [0x00000000e4a00000,0x00000000e4a00000,0x00000000e5200000)
 ParOldGen       total 35328K, used 12136K [0x00000000a0000000, 0x00000000a2280000, 0x00000000e0000000)
  object space 35328K, 34% used [0x00000000a0000000,0x00000000a0bda340,0x00000000a2280000)
 Metaspace       used 33454K, capacity 34120K, committed 34560K, reserved 1079296K
  class space    used 4600K, capacity 4787K, committed 4864K, reserved 1048576K
Event: 12.756 GC heap after
Heap after GC invocations=12 (full 1):
 PSYoungGen      total 83968K, used 6876K [0x00000000e0000000, 0x00000000e7700000, 0x0000000100000000)
  eden space 75776K, 0% used [0x00000000e0000000,0x00000000e0000000,0x00000000e4a00000)
  from space 8192K, 83% used [0x00000000e4a00000,0x00000000e50b7350,0x00000000e5200000)
  to   space 8704K, 0% used [0x00000000e6e80000,0x00000000e6e80000,0x00000000e7700000)
 ParOldGen       total 35328K, used 13488K [0x00000000a0000000, 0x00000000a2280000, 0x00000000e0000000)
  object space 35328K, 38% used [0x00000000a0000000,0x00000000a0d2c368,0x00000000a2280000)
 Metaspace       used 33454K, capacity 34120K, committed 34560K, reserved 1079296K
  class space    used 4600K, capacity 4787K, committed 4864K, reserved 1048576K
}
Event: 12.945 GC heap before
{Heap before GC invocations=13 (full 1):
 PSYoungGen      total 83968K, used 18841K [0x00000000e0000000, 0x00000000e7700000, 0x0000000100000000)
  eden space 75776K, 15% used [0x00000000e0000000,0x00000000e0baf198,0x00000000e4a00000)
  from space 8192K, 83% used [0x00000000e4a00000,0x00000000e50b7350,0x00000000e5200000)
  to   space 8704K, 0% used [0x00000000e6e80000,0x00000000e6e80000,0x00000000e7700000)
 ParOldGen       total 35328K, used 13488K [0x00000000a0000000, 0x00000000a2280000, 0x00000000e0000000)
  object space 35328K, 38% used [0x00000000a0000000,0x00000000a0d2c368,0x00000000a2280000)
 Metaspace       used 34572K, capacity 35162K, committed 35456K, reserved 1079296K
  class space    used 4754K, capacity 4918K, committed 4992K, reserved 1048576K
Event: 12.952 GC heap after
Heap after GC invocations=13 (full 1):
 PSYoungGen      total 113152K, used 1217K [0x00000000e0000000, 0x00000000e7a00000, 0x0000000100000000)
  eden space 104448K, 0% used [0x00000000e0000000,0x00000000e0000000,0x00000000e6600000)
  from space 8704K, 13% used [0x00000000e6e80000,0x00000000e6fb0630,0x00000000e7700000)
  to   space 8704K, 0% used [0x00000000e6600000,0x00000000e6600000,0x00000000e6e80000)
 ParOldGen       total 35328K, used 16418K [0x00000000a0000000, 0x00000000a2280000, 0x00000000e0000000)
  object space 35328K, 46% used [0x00000000a0000000,0x00000000a1008b98,0x00000000a2280000)
 Metaspace       used 34572K, capacity 35162K, committed 35456K, reserved 1079296K
  class space    used 4754K, capacity 4918K, committed 4992K, reserved 1048576K
}
Event: 12.952 GC heap before
{Heap before GC invocations=14 (full 2):
 PSYoungGen      total 113152K, used 1217K [0x00000000e0000000, 0x00000000e7a00000, 0x0000000100000000)
  eden space 104448K, 0% used [0x00000000e0000000,0x00000000e0000000,0x00000000e6600000)
  from space 8704K, 13% used [0x00000000e6e80000,0x00000000e6fb0630,0x00000000e7700000)
  to   space 8704K, 0% used [0x00000000e6600000,0x00000000e6600000,0x00000000e6e80000)
 ParOldGen       total 35328K, used 16418K [0x00000000a0000000, 0x00000000a2280000, 0x00000000e0000000)
  object space 35328K, 46% used [0x00000000a0000000,0x00000000a1008b98,0x00000000a2280000)
 Metaspace       used 34572K, capacity 35162K, committed 35456K, reserved 1079296K
  class space    used 4754K, capacity 4918K, committed 4992K, reserved 1048576K
Event: 13.056 GC heap after
Heap after GC invocations=14 (full 2):
 PSYoungGen      total 113152K, used 0K [0x00000000e0000000, 0x00000000e7a00000, 0x0000000100000000)
  eden space 104448K, 0% used [0x00000000e0000000,0x00000000e0000000,0x00000000e6600000)
  from space 8704K, 0% used [0x00000000e6e80000,0x00000000e6e80000,0x00000000e7700000)
  to   space 8704K, 0% used [0x00000000e6600000,0x00000000e6600000,0x00000000e6e80000)
 ParOldGen       total 49152K, used 14217K [0x00000000a0000000, 0x00000000a3000000, 0x00000000e0000000)
  object space 49152K, 28% used [0x00000000a0000000,0x00000000a0de27d0,0x00000000a3000000)
 Metaspace       used 34572K, capacity 35162K, committed 35456K, reserved 1079296K
  class space    used 4754K, capacity 4918K, committed 4992K, reserved 1048576K
}
Event: 17.363 GC heap before
{Heap before GC invocations=15 (full 2):
 PSYoungGen      total 113152K, used 104448K [0x00000000e0000000, 0x00000000e7a00000, 0x0000000100000000)
  eden space 104448K, 100% used [0x00000000e0000000,0x00000000e6600000,0x00000000e6600000)
  from space 8704K, 0% used [0x00000000e6e80000,0x00000000e6e80000,0x00000000e7700000)
  to   space 8704K, 0% used [0x00000000e6600000,0x00000000e6600000,0x00000000e6e80000)
 ParOldGen       total 49152K, used 14217K [0x00000000a0000000, 0x00000000a3000000, 0x00000000e0000000)
  object space 49152K, 28% used [0x00000000a0000000,0x00000000a0de27d0,0x00000000a3000000)
 Metaspace       used 42193K, capacity 43030K, committed 43392K, reserved 1087488K
  class space    used 5757K, capacity 5955K, committed 6016K, reserved 1048576K
Event: 17.375 GC heap after
Heap after GC invocations=15 (full 2):
 PSYoungGen      total 113152K, used 8675K [0x00000000e0000000, 0x00000000e9b00000, 0x0000000100000000)
  eden space 104448K, 0% used [0x00000000e0000000,0x00000000e0000000,0x00000000e6600000)
  from space 8704K, 99% used [0x00000000e6600000,0x00000000e6e78c90,0x00000000e6e80000)
  to   space 10752K, 0% used [0x00000000e9080000,0x00000000e9080000,0x00000000e9b00000)
 ParOldGen       total 49152K, used 15944K [0x00000000a0000000, 0x00000000a3000000, 0x00000000e0000000)
  object space 49152K, 32% used [0x00000000a0000000,0x00000000a0f92250,0x00000000a3000000)
 Metaspace       used 42193K, capacity 43030K, committed 43392K, reserved 1087488K
  class space    used 5757K, capacity 5955K, committed 6016K, reserved 1048576K
}

